# JRE version: Java(TM) SE Runtime Environment (8.0_111-b14) (build 1.8.0_111-b14)
# Java VM: Java HotSpot(TM) 64-Bit Server VM (25.111-b14 mixed mode windows-amd64 compressed oops)
Heap:
 PSYoungGen      total 181248K, used 58883K [0x00000000d5f80000, 0x00000000e1400000, 0x0000000100000000)
  eden space 177664K, 33% used [0x00000000d5f80000,0x00000000d9900d48,0x00000000e0d00000)
  from space 3584K, 0% used [0x00000000e0d00000,0x00000000e0d00000,0x00000000e1080000)
  to   space 3584K, 0% used [0x00000000e1080000,0x00000000e1080000,0x00000000e1400000)
 ParOldGen       total 75776K, used 14587K [0x0000000081e00000, 0x0000000086800000, 0x00000000d5f80000)
  object space 75776K, 19% used [0x0000000081e00000,0x0000000082c3ec58,0x0000000086800000)
 Metaspace       used 40860K, capacity 46004K, committed 46256K, reserved 1089536K
  class space    used 4935K, capacity 5449K, committed 5552K, reserved 1048576K
GC Heap History (10 events):
Event: 6572.855 GC heap before
{Heap before GC invocations=93 (full 44):
 PSYoungGen      total 180736K, used 2651K [0x00000000d5f80000, 0x00000000e1400000, 0x0000000100000000)
  eden space 177664K, 0% used [0x00000000d5f80000,0x00000000d5f80000,0x00000000e0d00000)
  from space 3072K, 86% used [0x00000000e0d00000,0x00000000e0f96d70,0x00000000e1000000)
  to   space 3584K, 0% used [0x00000000e1080000,0x00000000e1080000,0x00000000e1400000)
 ParOldGen       total 75776K, used 14396K [0x0000000081e00000, 0x0000000086800000, 0x00000000d5f80000)
  object space 75776K, 18% used [0x0000000081e00000,0x0000000082c0f128,0x0000000086800000)
 Metaspace       used 40667K, capacity 45608K, committed 45744K, reserved 1089536K
  class space    used 4923K, capacity 5436K, committed 5552K, reserved 1048576K
Event: 6572.955 GC heap after
Heap after GC invocations=93 (full 44):
 PSYoungGen      total 180736K, used 0K [0x00000000d5f80000, 0x00000000e1400000, 0x0000000100000000)
  eden space 177664K, 0% used [0x00000000d5f80000,0x00000000d5f80000,0x00000000e0d00000)
  from space 3072K, 0% used [0x00000000e0d00000,0x00000000e0d00000,0x00000000e1000000)
  to   space 3584K, 0% used [0x00000000e1080000,0x00000000e1080000,0x00000000e1400000)
 ParOldGen       total 75776K, used 14456K [0x0000000081e00000, 0x0000000086800000, 0x00000000d5f80000)
  object space 75776K, 19% used [0x0000000081e00000,0x0000000082c1e1f8,0x0000000086800000)
 Metaspace       used 40664K, capacity 45602K, committed 45744K, reserved 1089536K
  class space    used 4923K, capacity 5434K, committed 5552K, reserved 1048576K
}
Event: 6628.194 GC heap before
{Heap before GC invocations=94 (full 44):
 PSYoungGen      total 180736K, used 62919K [0x00000000d5f80000, 0x00000000e1400000, 0x0000000100000000)
  eden space 177664K, 35% used [0x00000000d5f80000,0x00000000d9cf1ee0,0x00000000e0d00000)
  from space 3072K, 0% used [0x00000000e0d00000,0x00000000e0d00000,0x00000000e1000000)
  to   space 3584K, 0% used [0x00000000e1080000,0x00000000e1080000,0x00000000e1400000)
 ParOldGen       total 75776K, used 14456K [0x0000000081e00000, 0x0000000086800000, 0x00000000d5f80000)
  object space 75776K, 19% used [0x0000000081e00000,0x0000000082c1e1f8,0x0000000086800000)
 Metaspace       used 40773K, capacity 45824K, committed 46000K, reserved 1089536K
  class space    used 4927K, capacity 5440K, committed 5552K, reserved 1048576K
Event: 6628.198 GC heap after
Heap after GC invocations=94 (full 44):
 PSYoungGen      total 181248K, used 2715K [0x00000000d5f80000, 0x00000000e1400000, 0x0000000100000000)
  eden space 177664K, 0% used [0x00000000d5f80000,0x00000000d5f80000,0x00000000e0d00000)
  from space 3584K, 75% used [0x00000000e1080000,0x00000000e1326d70,0x00000000e1400000)
  to   space 3584K, 0% used [0x00000000e0d00000,0x00000000e0d00000,0x00000000e1080000)
 ParOldGen       total 75776K, used 14464K [0x0000000081e00000, 0x0000000086800000, 0x00000000d5f80000)
  object space 75776K, 19% used [0x0000000081e00000,0x0000000082c201f8,0x0000000086800000)
 Metaspace       used 40773K, capacity 45824K, committed 46000K, reserved 1089536K
  class space    used 4927K, capacity 5440K, committed 5552K, reserved 1048576K
}
Event: 6628.198 GC heap before
{Heap before GC invocations=95 (full 45):
 PSYoungGen      total 181248K, used 2715K [0x00000000d5f80000, 0x00000000e1400000, 0x0000000100000000)
  eden space 177664K, 0% used [0x00000000d5f80000,0x00000000d5f80000,0x00000000e0d00000)
  from space 3584K, 75% used [0x00000000e1080000,0x00000000e1326d70,0x00000000e1400000)
  to   space 3584K, 0% used [0x00000000e0d00000,0x00000000e0d00000,0x00000000e1080000)
 ParOldGen       total 75776K, used 14464K [0x0000000081e00000, 0x0000000086800000, 0x00000000d5f80000)
  object space 75776K, 19% used [0x0000000081e00000,0x0000000082c201f8,0x0000000086800000)
 Metaspace       used 40773K, capacity 45824K, committed 46000K, reserved 1089536K
  class space    used 4927K, capacity 5440K, committed 5552K, reserved 1048576K
Event: 6628.265 GC heap after
Heap after GC invocations=95 (full 45):
 PSYoungGen      total 181248K, used 0K [0x00000000d5f80000, 0x00000000e1400000, 0x0000000100000000)
  eden space 177664K, 0% used [0x00000000d5f80000,0x00000000d5f80000,0x00000000e0d00000)
  from space 3584K, 0% used [0x00000000e1080000,0x00000000e1080000,0x00000000e1400000)
  to   space 3584K, 0% used [0x00000000e0d00000,0x00000000e0d00000,0x00000000e1080000)
 ParOldGen       total 75776K, used 14526K [0x0000000081e00000, 0x0000000086800000, 0x00000000d5f80000)
  object space 75776K, 19% used [0x0000000081e00000,0x0000000082c2f8a0,0x0000000086800000)
 Metaspace       used 40770K, capacity 45818K, committed 46000K, reserved 1089536K
  class space    used 4926K, capacity 5438K, committed 5552K, reserved 1048576K
}
Event: 6640.195 GC heap before
{Heap before GC invocations=96 (full 45):
 PSYoungGen      total 181248K, used 63983K [0x00000000d5f80000, 0x00000000e1400000, 0x0000000100000000)
  eden space 177664K, 36% used [0x00000000d5f80000,0x00000000d9dfbd08,0x00000000e0d00000)
  from space 3584K, 0% used [0x00000000e1080000,0x00000000e1080000,0x00000000e1400000)
  to   space 3584K, 0% used [0x00000000e0d00000,0x00000000e0d00000,0x00000000e1080000)
 ParOldGen       total 75776K, used 14526K [0x0000000081e00000, 0x0000000086800000, 0x00000000d5f80000)
  object space 75776K, 19% used [0x0000000081e00000,0x0000000082c2f8a0,0x0000000086800000)
 Metaspace       used 40819K, capacity 45908K, committed 46256K, reserved 1089536K
  class space    used 4930K, capacity 5444K, committed 5552K, reserved 1048576K
Event: 6640.199 GC heap after
Heap after GC invocations=96 (full 45):
 PSYoungGen      total 181248K, used 2672K [0x00000000d5f80000, 0x00000000e1400000, 0x0000000100000000)
  eden space 177664K, 0% used [0x00000000d5f80000,0x00000000d5f80000,0x00000000e0d00000)
  from space 3584K, 74% used [0x00000000e0d00000,0x00000000e0f9c2f8,0x00000000e1080000)
  to   space 3584K, 0% used [0x00000000e1080000,0x00000000e1080000,0x00000000e1400000)
 ParOldGen       total 75776K, used 14534K [0x0000000081e00000, 0x0000000086800000, 0x00000000d5f80000)
  object space 75776K, 19% used [0x0000000081e00000,0x0000000082c318a0,0x0000000086800000)
 Metaspace       used 40819K, capacity 45908K, committed 46256K, reserved 1089536K
  class space    used 4930K, capacity 5444K, committed 5552K, reserved 1048576K
}
Event: 6640.199 GC heap before
{Heap before GC invocations=97 (full 46):
 PSYoungGen      total 181248K, used 2672K [0x00000000d5f80000, 0x00000000e1400000, 0x0000000100000000)
  eden space 177664K, 0% used [0x00000000d5f80000,0x00000000d5f80000,0x00000000e0d00000)
  from space 3584K, 74% used [0x00000000e0d00000,0x00000000e0f9c2f8,0x00000000e1080000)
  to   space 3584K, 0% used [0x00000000e1080000,0x00000000e1080000,0x00000000e1400000)
 ParOldGen       total 75776K, used 14534K [0x0000000081e00000, 0x0000000086800000, 0x00000000d5f80000)
  object space 75776K, 19% used [0x0000000081e00000,0x0000000082c318a0,0x0000000086800000)
 Metaspace       used 40819K, capacity 45908K, committed 46256K, reserved 1089536K
  class space    used 4930K, capacity 5444K, committed 5552K, reserved 1048576K
Event: 6640.262 GC heap after
Heap after GC invocations=97 (full 46):
 PSYoungGen      total 181248K, used 0K [0x00000000d5f80000, 0x00000000e1400000, 0x0000000100000000)
  eden space 177664K, 0% used [0x00000000d5f80000,0x00000000d5f80000,0x00000000e0d00000)
  from space 3584K, 0% used [0x00000000e0d00000,0x00000000e0d00000,0x00000000e1080000)
  to   space 3584K, 0% used [0x00000000e1080000,0x00000000e1080000,0x00000000e1400000)
 ParOldGen       total 75776K, used 14587K [0x0000000081e00000, 0x0000000086800000, 0x00000000d5f80000)
  object space 75776K, 19% used [0x0000000081e00000,0x0000000082c3ec58,0x0000000086800000)
 Metaspace       used 40816K, capacity 45902K, committed 46256K, reserved 1089536K
  class space    used 4930K, capacity 5442K, committed 5552K, reserved 1048576K
}

