# JRE version: Java(TM) SE Runtime Environment (8.0_111-b14) (build 1.8.0_111-b14)
# Java VM: Java HotSpot(TM) 64-Bit Server VM (25.111-b14 mixed mode windows-amd64 compressed oops)
Heap:
 PSYoungGen      total 115200K, used 18149K [0x00000000d5f80000, 0x00000000e2c00000, 0x0000000100000000)
  eden space 103424K, 17% used [0x00000000d5f80000,0x00000000d7139640,0x00000000dc480000)
  from space 11776K, 0% used [0x00000000dc480000,0x00000000dc480000,0x00000000dd000000)
  to   space 11776K, 0% used [0x00000000e2080000,0x00000000e2080000,0x00000000e2c00000)
 ParOldGen       total 72704K, used 13337K [0x0000000081e00000, 0x0000000086500000, 0x00000000d5f80000)
  object space 72704K, 18% used [0x0000000081e00000,0x0000000082b065a8,0x0000000086500000)
 Metaspace       used 35265K, capacity 36994K, committed 37288K, reserved 1081344K
  class space    used 4517K, capacity 4835K, committed 4912K, reserved 1048576K
GC Heap History (10 events):
Event: 1.498 GC heap before
{Heap before GC invocations=5 (full 1):
 PSYoungGen      total 71680K, used 5105K [0x00000000d5f80000, 0x00000000daa80000, 0x0000000100000000)
  eden space 66560K, 0% used [0x00000000d5f80000,0x00000000d5f80000,0x00000000da080000)
  from space 5120K, 99% used [0x00000000da580000,0x00000000daa7c5a0,0x00000000daa80000)
  to   space 5120K, 0% used [0x00000000da080000,0x00000000da080000,0x00000000da580000)
 ParOldGen       total 87552K, used 5899K [0x0000000081e00000, 0x0000000087380000, 0x00000000d5f80000)
  object space 87552K, 6% used [0x0000000081e00000,0x00000000823c2d60,0x0000000087380000)
 Metaspace       used 20647K, capacity 21204K, committed 21296K, reserved 1067008K
  class space    used 2666K, capacity 2823K, committed 2864K, reserved 1048576K
Event: 1.531 GC heap after
Heap after GC invocations=5 (full 1):
 PSYoungGen      total 71680K, used 0K [0x00000000d5f80000, 0x00000000daa80000, 0x0000000100000000)
  eden space 66560K, 0% used [0x00000000d5f80000,0x00000000d5f80000,0x00000000da080000)
  from space 5120K, 0% used [0x00000000da580000,0x00000000da580000,0x00000000daa80000)
  to   space 5120K, 0% used [0x00000000da080000,0x00000000da080000,0x00000000da580000)
 ParOldGen       total 55296K, used 5709K [0x0000000081e00000, 0x0000000085400000, 0x00000000d5f80000)
  object space 55296K, 10% used [0x0000000081e00000,0x0000000082393608,0x0000000085400000)
 Metaspace       used 20645K, capacity 21198K, committed 21296K, reserved 1067008K
  class space    used 2665K, capacity 2822K, committed 2864K, reserved 1048576K
}
Event: 2.620 GC heap before
{Heap before GC invocations=6 (full 1):
 PSYoungGen      total 71680K, used 66560K [0x00000000d5f80000, 0x00000000daa80000, 0x0000000100000000)
  eden space 66560K, 100% used [0x00000000d5f80000,0x00000000da080000,0x00000000da080000)
  from space 5120K, 0% used [0x00000000da580000,0x00000000da580000,0x00000000daa80000)
  to   space 5120K, 0% used [0x00000000da080000,0x00000000da080000,0x00000000da580000)
 ParOldGen       total 55296K, used 5709K [0x0000000081e00000, 0x0000000085400000, 0x00000000d5f80000)
  object space 55296K, 10% used [0x0000000081e00000,0x0000000082393608,0x0000000085400000)
 Metaspace       used 26837K, capacity 27826K, committed 28080K, reserved 1073152K
  class space    used 3444K, capacity 3669K, committed 3760K, reserved 1048576K
Event: 2.632 GC heap after
Heap after GC invocations=6 (full 1):
 PSYoungGen      total 71680K, used 5111K [0x00000000d5f80000, 0x00000000dd980000, 0x0000000100000000)
  eden space 66560K, 0% used [0x00000000d5f80000,0x00000000d5f80000,0x00000000da080000)
  from space 5120K, 99% used [0x00000000da080000,0x00000000da57dc90,0x00000000da580000)
  to   space 9216K, 0% used [0x00000000dd080000,0x00000000dd080000,0x00000000dd980000)
 ParOldGen       total 55296K, used 7995K [0x0000000081e00000, 0x0000000085400000, 0x00000000d5f80000)
  object space 55296K, 14% used [0x0000000081e00000,0x00000000825cef40,0x0000000085400000)
 Metaspace       used 26837K, capacity 27826K, committed 28080K, reserved 1073152K
  class space    used 3444K, capacity 3669K, committed 3760K, reserved 1048576K
}
Event: 4.071 GC heap before
{Heap before GC invocations=7 (full 1):
 PSYoungGen      total 71680K, used 71671K [0x00000000d5f80000, 0x00000000dd980000, 0x0000000100000000)
  eden space 66560K, 100% used [0x00000000d5f80000,0x00000000da080000,0x00000000da080000)
  from space 5120K, 99% used [0x00000000da080000,0x00000000da57dc90,0x00000000da580000)
  to   space 9216K, 0% used [0x00000000dd080000,0x00000000dd080000,0x00000000dd980000)
 ParOldGen       total 55296K, used 7995K [0x0000000081e00000, 0x0000000085400000, 0x00000000d5f80000)
  object space 55296K, 14% used [0x0000000081e00000,0x00000000825cef40,0x0000000085400000)
 Metaspace       used 33573K, capacity 35218K, committed 35376K, reserved 1079296K
  class space    used 4280K, capacity 4567K, committed 4656K, reserved 1048576K
Event: 4.084 GC heap after
Heap after GC invocations=7 (full 1):
 PSYoungGen      total 112640K, used 9212K [0x00000000d5f80000, 0x00000000ddb80000, 0x0000000100000000)
  eden space 103424K, 0% used [0x00000000d5f80000,0x00000000d5f80000,0x00000000dc480000)
  from space 9216K, 99% used [0x00000000dd080000,0x00000000dd97f3b0,0x00000000dd980000)
  to   space 11776K, 0% used [0x00000000dc480000,0x00000000dc480000,0x00000000dd000000)
 ParOldGen       total 55296K, used 10756K [0x0000000081e00000, 0x0000000085400000, 0x00000000d5f80000)
  object space 55296K, 19% used [0x0000000081e00000,0x00000000828810d0,0x0000000085400000)
 Metaspace       used 33573K, capacity 35218K, committed 35376K, reserved 1079296K
  class space    used 4280K, capacity 4567K, committed 4656K, reserved 1048576K
}
Event: 4.123 GC heap before
{Heap before GC invocations=8 (full 1):
 PSYoungGen      total 112640K, used 12368K [0x00000000d5f80000, 0x00000000ddb80000, 0x0000000100000000)
  eden space 103424K, 3% used [0x00000000d5f80000,0x00000000d6294fe8,0x00000000dc480000)
  from space 9216K, 99% used [0x00000000dd080000,0x00000000dd97f3b0,0x00000000dd980000)
  to   space 11776K, 0% used [0x00000000dc480000,0x00000000dc480000,0x00000000dd000000)
 ParOldGen       total 55296K, used 10756K [0x0000000081e00000, 0x0000000085400000, 0x00000000d5f80000)
  object space 55296K, 19% used [0x0000000081e00000,0x00000000828810d0,0x0000000085400000)
 Metaspace       used 33763K, capacity 35390K, committed 35496K, reserved 1081344K
  class space    used 4302K, capacity 4601K, committed 4656K, reserved 1048576K
Event: 4.136 GC heap after
Heap after GC invocations=8 (full 1):
 PSYoungGen      total 115200K, used 8148K [0x00000000d5f80000, 0x00000000e2c00000, 0x0000000100000000)
  eden space 103424K, 0% used [0x00000000d5f80000,0x00000000d5f80000,0x00000000dc480000)
  from space 11776K, 69% used [0x00000000dc480000,0x00000000dcc75050,0x00000000dd000000)
  to   space 11776K, 0% used [0x00000000e2080000,0x00000000e2080000,0x00000000e2c00000)
 ParOldGen       total 55296K, used 10764K [0x0000000081e00000, 0x0000000085400000, 0x00000000d5f80000)
  object space 55296K, 19% used [0x0000000081e00000,0x00000000828830d0,0x0000000085400000)
 Metaspace       used 33763K, capacity 35390K, committed 35496K, reserved 1081344K
  class space    used 4302K, capacity 4601K, committed 4656K, reserved 1048576K
}
Event: 4.136 GC heap before
{Heap before GC invocations=9 (full 2):
 PSYoungGen      total 115200K, used 8148K [0x00000000d5f80000, 0x00000000e2c00000, 0x0000000100000000)
  eden space 103424K, 0% used [0x00000000d5f80000,0x00000000d5f80000,0x00000000dc480000)
  from space 11776K, 69% used [0x00000000dc480000,0x00000000dcc75050,0x00000000dd000000)
  to   space 11776K, 0% used [0x00000000e2080000,0x00000000e2080000,0x00000000e2c00000)
 ParOldGen       total 55296K, used 10764K [0x0000000081e00000, 0x0000000085400000, 0x00000000d5f80000)
  object space 55296K, 19% used [0x0000000081e00000,0x00000000828830d0,0x0000000085400000)
 Metaspace       used 33763K, capacity 35390K, committed 35496K, reserved 1081344K
  class space    used 4302K, capacity 4601K, committed 4656K, reserved 1048576K
Event: 4.185 GC heap after
Heap after GC invocations=9 (full 2):
 PSYoungGen      total 115200K, used 0K [0x00000000d5f80000, 0x00000000e2c00000, 0x0000000100000000)
  eden space 103424K, 0% used [0x00000000d5f80000,0x00000000d5f80000,0x00000000dc480000)
  from space 11776K, 0% used [0x00000000dc480000,0x00000000dc480000,0x00000000dd000000)
  to   space 11776K, 0% used [0x00000000e2080000,0x00000000e2080000,0x00000000e2c00000)
 ParOldGen       total 72704K, used 13337K [0x0000000081e00000, 0x0000000086500000, 0x00000000d5f80000)
  object space 72704K, 18% used [0x0000000081e00000,0x0000000082b065a8,0x0000000086500000)
 Metaspace       used 33763K, capacity 35390K, committed 35496K, reserved 1081344K
  class space    used 4302K, capacity 4601K, committed 4656K, reserved 1048576K
}

