# JRE version: Java(TM) SE Runtime Environment (8.0_111-b14) (build 1.8.0_111-b14)
# Java VM: Java HotSpot(TM) 64-Bit Server VM (25.111-b14 mixed mode windows-amd64 compressed oops)
Heap:
 PSYoungGen      total 113664K, used 22822K [0x00000000d5f80000, 0x00000000e2580000, 0x0000000100000000)
  eden space 101376K, 22% used [0x00000000d5f80000,0x00000000d75c9860,0x00000000dc280000)
  from space 12288K, 0% used [0x00000000dc280000,0x00000000dc280000,0x00000000dce80000)
  to   space 11776K, 0% used [0x00000000e1a00000,0x00000000e1a00000,0x00000000e2580000)
 ParOldGen       total 75776K, used 12791K [0x0000000081e00000, 0x0000000086800000, 0x00000000d5f80000)
  object space 75776K, 16% used [0x0000000081e00000,0x0000000082a7dca0,0x0000000086800000)
 Metaspace       used 35452K, capacity 37212K, committed 37288K, reserved 1081344K
  class space    used 4539K, capacity 4840K, committed 4864K, reserved 1048576K
GC Heap History (10 events):
Event: 1.966 GC heap before
{Heap before GC invocations=5 (full 1):
 PSYoungGen      total 71680K, used 5119K [0x00000000d5f80000, 0x00000000daa80000, 0x0000000100000000)
  eden space 66560K, 0% used [0x00000000d5f80000,0x00000000d5f80000,0x00000000da080000)
  from space 5120K, 99% used [0x00000000da580000,0x00000000daa7fc38,0x00000000daa80000)
  to   space 5120K, 0% used [0x00000000da080000,0x00000000da080000,0x00000000da580000)
 ParOldGen       total 87552K, used 5278K [0x0000000081e00000, 0x0000000087380000, 0x00000000d5f80000)
  object space 87552K, 6% used [0x0000000081e00000,0x0000000082327b70,0x0000000087380000)
 Metaspace       used 20593K, capacity 21140K, committed 21296K, reserved 1067008K
  class space    used 2670K, capacity 2823K, committed 2944K, reserved 1048576K
Event: 1.991 GC heap after
Heap after GC invocations=5 (full 1):
 PSYoungGen      total 71680K, used 0K [0x00000000d5f80000, 0x00000000daa80000, 0x0000000100000000)
  eden space 66560K, 0% used [0x00000000d5f80000,0x00000000d5f80000,0x00000000da080000)
  from space 5120K, 0% used [0x00000000da580000,0x00000000da580000,0x00000000daa80000)
  to   space 5120K, 0% used [0x00000000da080000,0x00000000da080000,0x00000000da580000)
 ParOldGen       total 55808K, used 5116K [0x0000000081e00000, 0x0000000085480000, 0x00000000d5f80000)
  object space 55808K, 9% used [0x0000000081e00000,0x00000000822ff320,0x0000000085480000)
 Metaspace       used 20592K, capacity 21134K, committed 21296K, reserved 1067008K
  class space    used 2670K, capacity 2822K, committed 2944K, reserved 1048576K
}
Event: 3.498 GC heap before
{Heap before GC invocations=6 (full 1):
 PSYoungGen      total 71680K, used 66560K [0x00000000d5f80000, 0x00000000daa80000, 0x0000000100000000)
  eden space 66560K, 100% used [0x00000000d5f80000,0x00000000da080000,0x00000000da080000)
  from space 5120K, 0% used [0x00000000da580000,0x00000000da580000,0x00000000daa80000)
  to   space 5120K, 0% used [0x00000000da080000,0x00000000da080000,0x00000000da580000)
 ParOldGen       total 55808K, used 5116K [0x0000000081e00000, 0x0000000085480000, 0x00000000d5f80000)
  object space 55808K, 9% used [0x0000000081e00000,0x00000000822ff320,0x0000000085480000)
 Metaspace       used 26605K, capacity 27482K, committed 27776K, reserved 1073152K
  class space    used 3402K, capacity 3587K, committed 3712K, reserved 1048576K
Event: 3.507 GC heap after
Heap after GC invocations=6 (full 1):
 PSYoungGen      total 71680K, used 5110K [0x00000000d5f80000, 0x00000000dd800000, 0x0000000100000000)
  eden space 66560K, 0% used [0x00000000d5f80000,0x00000000d5f80000,0x00000000da080000)
  from space 5120K, 99% used [0x00000000da080000,0x00000000da57d820,0x00000000da580000)
  to   space 9728K, 0% used [0x00000000dce80000,0x00000000dce80000,0x00000000dd800000)
 ParOldGen       total 55808K, used 7382K [0x0000000081e00000, 0x0000000085480000, 0x00000000d5f80000)
  object space 55808K, 13% used [0x0000000081e00000,0x00000000825358c0,0x0000000085480000)
 Metaspace       used 26605K, capacity 27482K, committed 27776K, reserved 1073152K
  class space    used 3402K, capacity 3587K, committed 3712K, reserved 1048576K
}
Event: 5.445 GC heap before
{Heap before GC invocations=7 (full 1):
 PSYoungGen      total 71680K, used 71670K [0x00000000d5f80000, 0x00000000dd800000, 0x0000000100000000)
  eden space 66560K, 100% used [0x00000000d5f80000,0x00000000da080000,0x00000000da080000)
  from space 5120K, 99% used [0x00000000da080000,0x00000000da57d820,0x00000000da580000)
  to   space 9728K, 0% used [0x00000000dce80000,0x00000000dce80000,0x00000000dd800000)
 ParOldGen       total 55808K, used 7382K [0x0000000081e00000, 0x0000000085480000, 0x00000000d5f80000)
  object space 55808K, 13% used [0x0000000081e00000,0x00000000825358c0,0x0000000085480000)
 Metaspace       used 33347K, capacity 34966K, committed 35072K, reserved 1079296K
  class space    used 4245K, capacity 4531K, committed 4608K, reserved 1048576K
Event: 5.459 GC heap after
Heap after GC invocations=7 (full 1):
 PSYoungGen      total 111104K, used 9708K [0x00000000d5f80000, 0x00000000dda80000, 0x0000000100000000)
  eden space 101376K, 0% used [0x00000000d5f80000,0x00000000d5f80000,0x00000000dc280000)
  from space 9728K, 99% used [0x00000000dce80000,0x00000000dd7fb010,0x00000000dd800000)
  to   space 12288K, 0% used [0x00000000dc280000,0x00000000dc280000,0x00000000dce80000)
 ParOldGen       total 55808K, used 9522K [0x0000000081e00000, 0x0000000085480000, 0x00000000d5f80000)
  object space 55808K, 17% used [0x0000000081e00000,0x000000008274ca08,0x0000000085480000)
 Metaspace       used 33347K, capacity 34966K, committed 35072K, reserved 1079296K
  class space    used 4245K, capacity 4531K, committed 4608K, reserved 1048576K
}
Event: 5.574 GC heap before
{Heap before GC invocations=8 (full 1):
 PSYoungGen      total 111104K, used 15798K [0x00000000d5f80000, 0x00000000dda80000, 0x0000000100000000)
  eden space 101376K, 6% used [0x00000000d5f80000,0x00000000d6572900,0x00000000dc280000)
  from space 9728K, 99% used [0x00000000dce80000,0x00000000dd7fb010,0x00000000dd800000)
  to   space 12288K, 0% used [0x00000000dc280000,0x00000000dc280000,0x00000000dce80000)
 ParOldGen       total 55808K, used 9522K [0x0000000081e00000, 0x0000000085480000, 0x00000000d5f80000)
  object space 55808K, 17% used [0x0000000081e00000,0x000000008274ca08,0x0000000085480000)
 Metaspace       used 33770K, capacity 35386K, committed 35496K, reserved 1081344K
  class space    used 4306K, capacity 4601K, committed 4608K, reserved 1048576K
Event: 5.590 GC heap after
Heap after GC invocations=8 (full 1):
 PSYoungGen      total 113664K, used 8292K [0x00000000d5f80000, 0x00000000e2580000, 0x0000000100000000)
  eden space 101376K, 0% used [0x00000000d5f80000,0x00000000d5f80000,0x00000000dc280000)
  from space 12288K, 67% used [0x00000000dc280000,0x00000000dca99040,0x00000000dce80000)
  to   space 11776K, 0% used [0x00000000e1a00000,0x00000000e1a00000,0x00000000e2580000)
 ParOldGen       total 55808K, used 9522K [0x0000000081e00000, 0x0000000085480000, 0x00000000d5f80000)
  object space 55808K, 17% used [0x0000000081e00000,0x000000008274ca08,0x0000000085480000)
 Metaspace       used 33770K, capacity 35386K, committed 35496K, reserved 1081344K
  class space    used 4306K, capacity 4601K, committed 4608K, reserved 1048576K
}
Event: 5.590 GC heap before
{Heap before GC invocations=9 (full 2):
 PSYoungGen      total 113664K, used 8292K [0x00000000d5f80000, 0x00000000e2580000, 0x0000000100000000)
  eden space 101376K, 0% used [0x00000000d5f80000,0x00000000d5f80000,0x00000000dc280000)
  from space 12288K, 67% used [0x00000000dc280000,0x00000000dca99040,0x00000000dce80000)
  to   space 11776K, 0% used [0x00000000e1a00000,0x00000000e1a00000,0x00000000e2580000)
 ParOldGen       total 55808K, used 9522K [0x0000000081e00000, 0x0000000085480000, 0x00000000d5f80000)
  object space 55808K, 17% used [0x0000000081e00000,0x000000008274ca08,0x0000000085480000)
 Metaspace       used 33770K, capacity 35386K, committed 35496K, reserved 1081344K
  class space    used 4306K, capacity 4601K, committed 4608K, reserved 1048576K
Event: 5.650 GC heap after
Heap after GC invocations=9 (full 2):
 PSYoungGen      total 113664K, used 0K [0x00000000d5f80000, 0x00000000e2580000, 0x0000000100000000)
  eden space 101376K, 0% used [0x00000000d5f80000,0x00000000d5f80000,0x00000000dc280000)
  from space 12288K, 0% used [0x00000000dc280000,0x00000000dc280000,0x00000000dce80000)
  to   space 11776K, 0% used [0x00000000e1a00000,0x00000000e1a00000,0x00000000e2580000)
 ParOldGen       total 75776K, used 12791K [0x0000000081e00000, 0x0000000086800000, 0x00000000d5f80000)
  object space 75776K, 16% used [0x0000000081e00000,0x0000000082a7dca0,0x0000000086800000)
 Metaspace       used 33770K, capacity 35386K, committed 35496K, reserved 1081344K
  class space    used 4306K, capacity 4601K, committed 4608K, reserved 1048576K
}

