# JRE version: Java(TM) SE Runtime Environment (8.0_111-b14) (build 1.8.0_111-b14)
# Java VM: Java HotSpot(TM) 64-Bit Server VM (25.111-b14 mixed mode windows-amd64 compressed oops)
Heap:
 PSYoungGen      total 110592K, used 19452K [0x00000000d5f80000, 0x00000000e2100000, 0x0000000100000000)
  eden space 98816K, 19% used [0x00000000d5f80000,0x00000000d727f360,0x00000000dc000000)
  from space 11776K, 0% used [0x00000000dc000000,0x00000000dc000000,0x00000000dcb80000)
  to   space 11776K, 0% used [0x00000000e1580000,0x00000000e1580000,0x00000000e2100000)
 ParOldGen       total 76800K, used 13170K [0x0000000081e00000, 0x0000000086900000, 0x00000000d5f80000)
  object space 76800K, 17% used [0x0000000081e00000,0x0000000082adcbc0,0x0000000086900000)
 Metaspace       used 35219K, capacity 36990K, committed 37288K, reserved 1081344K
  class space    used 4513K, capacity 4835K, committed 4912K, reserved 1048576K
GC Heap History (10 events):
Event: 1.314 GC heap before
{Heap before GC invocations=5 (full 1):
 PSYoungGen      total 71680K, used 5104K [0x00000000d5f80000, 0x00000000daa80000, 0x0000000100000000)
  eden space 66560K, 0% used [0x00000000d5f80000,0x00000000d5f80000,0x00000000da080000)
  from space 5120K, 99% used [0x00000000da580000,0x00000000daa7c300,0x00000000daa80000)
  to   space 5120K, 0% used [0x00000000da080000,0x00000000da080000,0x00000000da580000)
 ParOldGen       total 87552K, used 5748K [0x0000000081e00000, 0x0000000087380000, 0x00000000d5f80000)
  object space 87552K, 6% used [0x0000000081e00000,0x000000008239d260,0x0000000087380000)
 Metaspace       used 20621K, capacity 21236K, committed 21296K, reserved 1067008K
  class space    used 2670K, capacity 2833K, committed 2864K, reserved 1048576K
Event: 1.350 GC heap after
Heap after GC invocations=5 (full 1):
 PSYoungGen      total 71680K, used 0K [0x00000000d5f80000, 0x00000000daa80000, 0x0000000100000000)
  eden space 66560K, 0% used [0x00000000d5f80000,0x00000000d5f80000,0x00000000da080000)
  from space 5120K, 0% used [0x00000000da580000,0x00000000da580000,0x00000000daa80000)
  to   space 5120K, 0% used [0x00000000da080000,0x00000000da080000,0x00000000da580000)
 ParOldGen       total 57856K, used 5579K [0x0000000081e00000, 0x0000000085680000, 0x00000000d5f80000)
  object space 57856K, 9% used [0x0000000081e00000,0x0000000082372f40,0x0000000085680000)
 Metaspace       used 20621K, capacity 21236K, committed 21296K, reserved 1067008K
  class space    used 2670K, capacity 2833K, committed 2864K, reserved 1048576K
}
Event: 2.359 GC heap before
{Heap before GC invocations=6 (full 1):
 PSYoungGen      total 71680K, used 66560K [0x00000000d5f80000, 0x00000000daa80000, 0x0000000100000000)
  eden space 66560K, 100% used [0x00000000d5f80000,0x00000000da080000,0x00000000da080000)
  from space 5120K, 0% used [0x00000000da580000,0x00000000da580000,0x00000000daa80000)
  to   space 5120K, 0% used [0x00000000da080000,0x00000000da080000,0x00000000da580000)
 ParOldGen       total 57856K, used 5579K [0x0000000081e00000, 0x0000000085680000, 0x00000000d5f80000)
  object space 57856K, 9% used [0x0000000081e00000,0x0000000082372f40,0x0000000085680000)
 Metaspace       used 26878K, capacity 27868K, committed 28080K, reserved 1073152K
  class space    used 3453K, capacity 3676K, committed 3760K, reserved 1048576K
Event: 2.374 GC heap after
Heap after GC invocations=6 (full 1):
 PSYoungGen      total 71680K, used 5093K [0x00000000d5f80000, 0x00000000dd500000, 0x0000000100000000)
  eden space 66560K, 0% used [0x00000000d5f80000,0x00000000d5f80000,0x00000000da080000)
  from space 5120K, 99% used [0x00000000da080000,0x00000000da579590,0x00000000da580000)
  to   space 9216K, 0% used [0x00000000dcc00000,0x00000000dcc00000,0x00000000dd500000)
 ParOldGen       total 57856K, used 7967K [0x0000000081e00000, 0x0000000085680000, 0x00000000d5f80000)
  object space 57856K, 13% used [0x0000000081e00000,0x00000000825c7d08,0x0000000085680000)
 Metaspace       used 26878K, capacity 27868K, committed 28080K, reserved 1073152K
  class space    used 3453K, capacity 3676K, committed 3760K, reserved 1048576K
}
Event: 3.727 GC heap before
{Heap before GC invocations=7 (full 1):
 PSYoungGen      total 71680K, used 71653K [0x00000000d5f80000, 0x00000000dd500000, 0x0000000100000000)
  eden space 66560K, 100% used [0x00000000d5f80000,0x00000000da080000,0x00000000da080000)
  from space 5120K, 99% used [0x00000000da080000,0x00000000da579590,0x00000000da580000)
  to   space 9216K, 0% used [0x00000000dcc00000,0x00000000dcc00000,0x00000000dd500000)
 ParOldGen       total 57856K, used 7967K [0x0000000081e00000, 0x0000000085680000, 0x00000000d5f80000)
  object space 57856K, 13% used [0x0000000081e00000,0x00000000825c7d08,0x0000000085680000)
 Metaspace       used 33529K, capacity 35146K, committed 35376K, reserved 1079296K
  class space    used 4277K, capacity 4567K, committed 4656K, reserved 1048576K
Event: 3.740 GC heap after
Heap after GC invocations=7 (full 1):
 PSYoungGen      total 108032K, used 9201K [0x00000000d5f80000, 0x00000000dd700000, 0x0000000100000000)
  eden space 98816K, 0% used [0x00000000d5f80000,0x00000000d5f80000,0x00000000dc000000)
  from space 9216K, 99% used [0x00000000dcc00000,0x00000000dd4fc708,0x00000000dd500000)
  to   space 11776K, 0% used [0x00000000dc000000,0x00000000dc000000,0x00000000dcb80000)
 ParOldGen       total 57856K, used 10762K [0x0000000081e00000, 0x0000000085680000, 0x00000000d5f80000)
  object space 57856K, 18% used [0x0000000081e00000,0x0000000082882ae0,0x0000000085680000)
 Metaspace       used 33529K, capacity 35146K, committed 35376K, reserved 1079296K
  class space    used 4277K, capacity 4567K, committed 4656K, reserved 1048576K
}
Event: 3.784 GC heap before
{Heap before GC invocations=8 (full 1):
 PSYoungGen      total 108032K, used 12180K [0x00000000d5f80000, 0x00000000dd700000, 0x0000000100000000)
  eden space 98816K, 3% used [0x00000000d5f80000,0x00000000d6268b40,0x00000000dc000000)
  from space 9216K, 99% used [0x00000000dcc00000,0x00000000dd4fc708,0x00000000dd500000)
  to   space 11776K, 0% used [0x00000000dc000000,0x00000000dc000000,0x00000000dcb80000)
 ParOldGen       total 57856K, used 10762K [0x0000000081e00000, 0x0000000085680000, 0x00000000d5f80000)
  object space 57856K, 18% used [0x0000000081e00000,0x0000000082882ae0,0x0000000085680000)
 Metaspace       used 33755K, capacity 35382K, committed 35496K, reserved 1081344K
  class space    used 4305K, capacity 4601K, committed 4656K, reserved 1048576K
Event: 3.801 GC heap after
Heap after GC invocations=8 (full 1):
 PSYoungGen      total 110592K, used 8128K [0x00000000d5f80000, 0x00000000e2100000, 0x0000000100000000)
  eden space 98816K, 0% used [0x00000000d5f80000,0x00000000d5f80000,0x00000000dc000000)
  from space 11776K, 69% used [0x00000000dc000000,0x00000000dc7f0040,0x00000000dcb80000)
  to   space 11776K, 0% used [0x00000000e1580000,0x00000000e1580000,0x00000000e2100000)
 ParOldGen       total 57856K, used 10770K [0x0000000081e00000, 0x0000000085680000, 0x00000000d5f80000)
  object space 57856K, 18% used [0x0000000081e00000,0x0000000082884ae0,0x0000000085680000)
 Metaspace       used 33755K, capacity 35382K, committed 35496K, reserved 1081344K
  class space    used 4305K, capacity 4601K, committed 4656K, reserved 1048576K
}
Event: 3.801 GC heap before
{Heap before GC invocations=9 (full 2):
 PSYoungGen      total 110592K, used 8128K [0x00000000d5f80000, 0x00000000e2100000, 0x0000000100000000)
  eden space 98816K, 0% used [0x00000000d5f80000,0x00000000d5f80000,0x00000000dc000000)
  from space 11776K, 69% used [0x00000000dc000000,0x00000000dc7f0040,0x00000000dcb80000)
  to   space 11776K, 0% used [0x00000000e1580000,0x00000000e1580000,0x00000000e2100000)
 ParOldGen       total 57856K, used 10770K [0x0000000081e00000, 0x0000000085680000, 0x00000000d5f80000)
  object space 57856K, 18% used [0x0000000081e00000,0x0000000082884ae0,0x0000000085680000)
 Metaspace       used 33755K, capacity 35382K, committed 35496K, reserved 1081344K
  class space    used 4305K, capacity 4601K, committed 4656K, reserved 1048576K
Event: 3.852 GC heap after
Heap after GC invocations=9 (full 2):
 PSYoungGen      total 110592K, used 0K [0x00000000d5f80000, 0x00000000e2100000, 0x0000000100000000)
  eden space 98816K, 0% used [0x00000000d5f80000,0x00000000d5f80000,0x00000000dc000000)
  from space 11776K, 0% used [0x00000000dc000000,0x00000000dc000000,0x00000000dcb80000)
  to   space 11776K, 0% used [0x00000000e1580000,0x00000000e1580000,0x00000000e2100000)
 ParOldGen       total 76800K, used 13170K [0x0000000081e00000, 0x0000000086900000, 0x00000000d5f80000)
  object space 76800K, 17% used [0x0000000081e00000,0x0000000082adcbc0,0x0000000086900000)
 Metaspace       used 33755K, capacity 35382K, committed 35496K, reserved 1081344K
  class space    used 4305K, capacity 4601K, committed 4656K, reserved 1048576K
}

